Pin 2.14 kit 71293
E:  This Pintool calculate the stack distance of a program.

Pin tools switches

-h  [default 0]
	Print help message (Return failure of PIN_Init() in order to allow the
	tool                             to print help message)
-help  [default 0]
	Print help message (Return failure of PIN_Init() in order to allow the
	tool                             to print help message)
-i  [default 10000000]
	the interval size
-logfile  [default pintool.log]
	The log file path and file name
-m  [default 16384]
	the truncation distance of SD
-o  [default RDV.txt]
	specify output file name
-p  [default 10000]
	phase table size
-t  [default 5]
	the maximum normalized manhattan distance of two RD vector
-unique_logfile  [default 0]
	The log file names will contain the pid

Line information controls

-discard_line_info 
	Discard line information for specific module. Module name should be a
	short name without path, not a symbolic link
-discard_line_info_all  [default 0]
	Discard line information for all modules.
-dwarf_file 
	Point pin to a different file for debug information. Syntax:
	app_executable:<path_to_different_fileExaple (OS X): -dwarf_file
	get_source_app:get_s
	ource_app.dSYM/Contents/Resources/DWARF/get_source_app

Symbols controls

-short_name  [default 0]
	Use the shortest name for the RTN. Names with version substrings are
	preferred over the same name without the substring.
-support_jit_api  [default 0]
	Enables the Jitted Functions Support
-unrestricted_rtn_size  [default 0]
	Use the unrestricted RTN size. When set the RTN size defined by the
	distance between RTN start to the beginning of next RTN.

Statistic switches

-profile  [default 0]
	print amount of memory dynamically allocated but not yet freed by the
	tool
-statistic  [default 0]
	print general statistics

General switches (available in pin and tool)

-slow_asserts  [default 0]
	Perform expensive sanity checks

